Invalid data: Simba 5 male lion summer golden 200 Africa
Invalid data: Nala 4 female lion spring golden 190 Africa
Invalid data: ShereKhan 6 male tiger fall orange 250 India
Invalid data: Baloo 7 male bear winter brown 400 Himalayas
Invalid data: Kamari 3 female hyena spring tan 70 FriguiaPark
Invalid data: Zuri 2 female hyena fall gray 65 Serengeti
Invalid data: UnknownAnimal 2 male unknown fall gray 50 UnknownPlace
Invalid data: MissingFields 5 male lion summer golden
Invalid data: InvalidAge -3 female tiger fall orange 250 India
Invalid data: InvalidWeight 4 male bear winter brown -400 Himalayas
Invalid data: Simba 5 male lion summer golden 200 Africa
Invalid data: Nala 4 female lion spring golden 190 Africa
Invalid data: ShereKhan 6 male tiger fall orange 250 India
Invalid data: Baloo 7 male bear winter brown 400 Himalayas
Invalid data: Kamari 3 female hyena spring tan 70 FriguiaPark
Invalid data: Zuri 2 female hyena fall gray 65 Serengeti
Invalid data: UnknownAnimal 2 male unknown fall gray 50 UnknownPlace
Invalid data: MissingFields 5 male lion summer golden
Invalid data: InvalidAge -3 female tiger fall orange 250 India
Invalid data: InvalidWeight 4 male bear winter brown -400 Himalayas
Invalid data: Simba 5 male lion summer golden 200 Africa
Invalid data: Nala 4 female lion spring golden 190 Africa
Invalid data: ShereKhan 6 male tiger fall orange 250 India
Invalid data: Baloo 7 male bear winter brown 400 Himalayas
Invalid data: Kamari 3 female hyena spring tan 70 FriguiaPark
Invalid data: Zuri 2 female hyena fall gray 65 Serengeti
Invalid data: UnknownAnimal 2 male unknown fall gray 50 UnknownPlace
Invalid data: MissingFields 5 male lion summer golden
Invalid data: InvalidAge -3 female tiger fall orange 250 India
Invalid data: InvalidWeight 4 male bear winter brown -400 Himalayas
Invalid data: Simba 5 male lion summer golden 200 Africa
Invalid data: Nala 4 female lion spring golden 190 Africa
Invalid data: ShereKhan 6 male tiger fall orange 250 India
Invalid data: Baloo 7 male bear winter brown 400 Himalayas
Invalid data: Kamari 3 female hyena spring tan 70 FriguiaPark
Invalid data: Zuri 2 female hyena fall gray 65 Serengeti
Invalid data: UnknownAnimal 2 male unknown fall gray 50 UnknownPlace
Invalid data: MissingFields 5 male lion summer golden
Invalid data: InvalidAge -3 female tiger fall orange 250 India
Invalid data: InvalidWeight 4 male bear winter brown -400 Himalayas
Invalid data: Simba 5 male lion summer golden 200 Africa
Invalid data: Nala 4 female lion spring golden 190 Africa
Invalid data: ShereKhan 6 male tiger fall orange 250 India
Invalid data: Baloo 7 male bear winter brown 400 Himalayas
Invalid data: Kamari 3 female hyena spring tan 70 FriguiaPark
Invalid data: Zuri 2 female hyena fall gray 65 Serengeti
Invalid data: UnknownAnimal 2 male unknown fall gray 50 UnknownPlace
Invalid data: MissingFields 5 male lion summer golden
Invalid data: InvalidAge -3 female tiger fall orange 250 India
Invalid data: InvalidWeight 4 male bear winter brown -400 Himalayas
Unknown species: unknown
Invalid data: InvalidAge -3 female tiger fall orange 250 India
Invalid data: InvalidWeight 4 male bear winter brown -400 Himalayas
Unknown species encountered: unknown 
